23:16:25.371 [main] INFO  testCases.TC_001_AccountRegistrationTest - ***  Starting TC_001_AccountRegistrationTest ***
23:16:31.516 [main] INFO  testCases.TC_001_AccountRegistrationTest - Clicked on My account link
23:16:34.607 [main] INFO  testCases.TC_001_AccountRegistrationTest - Clicked on continue
23:16:34.667 [main] INFO  testCases.TC_001_AccountRegistrationTest - Validating expected message
23:16:34.670 [main] INFO  testCases.TC_001_AccountRegistrationTest - ***  Finished TC_001_AccountRegistrationTest ***
23:20:15.908 [main] DEBUG io.netty.util.internal.logging.InternalLoggerFactory - Using Log4J2 as the default logging framework
23:20:15.930 [main] DEBUG io.netty.util.ResourceLeakDetector - -Dio.netty.leakDetection.level: simple
23:20:15.930 [main] DEBUG io.netty.util.ResourceLeakDetector - -Dio.netty.leakDetection.targetRecords: 4
23:20:15.933 [main] DEBUG io.netty.util.ResourceLeakDetectorFactory - Loaded default ResourceLeakDetector: io.netty.util.ResourceLeakDetector@55120f99
23:20:15.947 [main] DEBUG io.netty.util.internal.PlatformDependent0 - -Dio.netty.noUnsafe: false
23:20:15.947 [main] DEBUG io.netty.util.internal.PlatformDependent0 - Java version: 17
23:20:15.948 [main] DEBUG io.netty.util.internal.PlatformDependent0 - sun.misc.Unsafe.theUnsafe: available
23:20:15.949 [main] DEBUG io.netty.util.internal.PlatformDependent0 - sun.misc.Unsafe.copyMemory: available
23:20:15.949 [main] DEBUG io.netty.util.internal.PlatformDependent0 - sun.misc.Unsafe.storeFence: available
23:20:15.949 [main] DEBUG io.netty.util.internal.PlatformDependent0 - java.nio.Buffer.address: available
23:20:15.950 [main] DEBUG io.netty.util.internal.PlatformDependent0 - direct buffer constructor: unavailable: Reflective setAccessible(true) disabled
23:20:15.950 [main] DEBUG io.netty.util.internal.PlatformDependent0 - java.nio.Bits.unaligned: available, true
23:20:15.951 [main] DEBUG io.netty.util.internal.PlatformDependent0 - jdk.internal.misc.Unsafe.allocateUninitializedArray(int): unavailable: class io.netty.util.internal.PlatformDependent0$7 cannot access class jdk.internal.misc.Unsafe (in module java.base) because module java.base does not export jdk.internal.misc to unnamed module @3551a94
23:20:15.951 [main] DEBUG io.netty.util.internal.PlatformDependent0 - java.nio.DirectByteBuffer.<init>(long, int): unavailable
23:20:15.952 [main] DEBUG io.netty.util.internal.PlatformDependent - sun.misc.Unsafe: available
23:20:15.952 [main] DEBUG io.netty.util.internal.PlatformDependent - maxDirectMemory: 4223664128 bytes (maybe)
23:20:15.952 [main] DEBUG io.netty.util.internal.PlatformDependent - -Dio.netty.tmpdir: C:\Users\YALLAN~1\AppData\Local\Temp (java.io.tmpdir)
23:20:15.952 [main] DEBUG io.netty.util.internal.PlatformDependent - -Dio.netty.bitMode: 64 (sun.arch.data.model)
23:20:15.953 [main] DEBUG io.netty.util.internal.PlatformDependent - Platform: Windows
23:20:15.953 [main] DEBUG io.netty.util.internal.PlatformDependent - -Dio.netty.maxDirectMemory: -1 bytes
23:20:15.953 [main] DEBUG io.netty.util.internal.PlatformDependent - -Dio.netty.uninitializedArrayAllocationThreshold: -1
23:20:15.954 [main] DEBUG io.netty.util.internal.CleanerJava9 - java.nio.ByteBuffer.cleaner(): available
23:20:15.954 [main] DEBUG io.netty.util.internal.PlatformDependent - -Dio.netty.noPreferDirect: false
23:20:15.959 [main] DEBUG io.netty.util.internal.PlatformDependent - org.jctools-core.MpscChunkedArrayQueue: available
23:20:15.971 [main] DEBUG io.netty.util.internal.InternalThreadLocalMap - -Dio.netty.threadLocalMap.stringBuilder.initialSize: 1024
23:20:15.972 [main] DEBUG io.netty.util.internal.InternalThreadLocalMap - -Dio.netty.threadLocalMap.stringBuilder.maxSize: 4096
23:20:16.087 [main] DEBUG io.netty.handler.ssl.JdkSslContext - Default protocols (JDK): [TLSv1.3, TLSv1.2] 
23:20:16.088 [main] DEBUG io.netty.handler.ssl.JdkSslContext - Default cipher suites (JDK): [TLS_ECDHE_ECDSA_WITH_AES_256_GCM_SHA384, TLS_ECDHE_ECDSA_WITH_AES_128_GCM_SHA256, TLS_ECDHE_RSA_WITH_AES_128_GCM_SHA256, TLS_ECDHE_RSA_WITH_AES_256_GCM_SHA384, TLS_ECDHE_RSA_WITH_AES_128_CBC_SHA, TLS_ECDHE_RSA_WITH_AES_256_CBC_SHA, TLS_RSA_WITH_AES_128_GCM_SHA256, TLS_RSA_WITH_AES_128_CBC_SHA, TLS_RSA_WITH_AES_256_CBC_SHA, TLS_AES_128_GCM_SHA256, TLS_AES_256_GCM_SHA384]
23:20:16.095 [main] DEBUG io.netty.util.concurrent.GlobalEventExecutor - -Dio.netty.globalEventExecutor.quietPeriodSeconds: 1
23:20:16.106 [main] DEBUG io.netty.channel.MultithreadEventLoopGroup - -Dio.netty.eventLoopThreads: 16
23:20:16.112 [main] DEBUG io.netty.channel.nio.NioEventLoop - -Dio.netty.noKeySetOptimization: false
23:20:16.112 [main] DEBUG io.netty.channel.nio.NioEventLoop - -Dio.netty.selectorAutoRebuildThreshold: 512
23:20:16.191 [main] DEBUG io.netty.buffer.PooledByteBufAllocator - -Dio.netty.allocator.numHeapArenas: 16
23:20:16.192 [main] DEBUG io.netty.buffer.PooledByteBufAllocator - -Dio.netty.allocator.numDirectArenas: 16
23:20:16.192 [main] DEBUG io.netty.buffer.PooledByteBufAllocator - -Dio.netty.allocator.pageSize: 8192
23:20:16.192 [main] DEBUG io.netty.buffer.PooledByteBufAllocator - -Dio.netty.allocator.maxOrder: 9
23:20:16.192 [main] DEBUG io.netty.buffer.PooledByteBufAllocator - -Dio.netty.allocator.chunkSize: 4194304
23:20:16.192 [main] DEBUG io.netty.buffer.PooledByteBufAllocator - -Dio.netty.allocator.smallCacheSize: 256
23:20:16.192 [main] DEBUG io.netty.buffer.PooledByteBufAllocator - -Dio.netty.allocator.normalCacheSize: 64
23:20:16.192 [main] DEBUG io.netty.buffer.PooledByteBufAllocator - -Dio.netty.allocator.maxCachedBufferCapacity: 32768
23:20:16.192 [main] DEBUG io.netty.buffer.PooledByteBufAllocator - -Dio.netty.allocator.cacheTrimInterval: 8192
23:20:16.192 [main] DEBUG io.netty.buffer.PooledByteBufAllocator - -Dio.netty.allocator.cacheTrimIntervalMillis: 0
23:20:16.192 [main] DEBUG io.netty.buffer.PooledByteBufAllocator - -Dio.netty.allocator.useCacheForAllThreads: false
23:20:16.192 [main] DEBUG io.netty.buffer.PooledByteBufAllocator - -Dio.netty.allocator.maxCachedByteBuffersPerChunk: 1023
23:20:16.198 [main] DEBUG io.netty.buffer.ByteBufUtil - -Dio.netty.allocator.type: pooled
23:20:16.198 [main] DEBUG io.netty.buffer.ByteBufUtil - -Dio.netty.threadLocalDirectBufferSize: 0
23:20:16.198 [main] DEBUG io.netty.buffer.ByteBufUtil - -Dio.netty.maxThreadLocalCharBufferSize: 16384
23:20:18.172 [Forwarding newSession on session null to remote] DEBUG io.netty.channel.DefaultChannelId - -Dio.netty.processId: 40536 (auto-detected)
23:20:18.173 [Forwarding newSession on session null to remote] DEBUG io.netty.util.NetUtil - -Djava.net.preferIPv4Stack: false
23:20:18.173 [Forwarding newSession on session null to remote] DEBUG io.netty.util.NetUtil - -Djava.net.preferIPv6Addresses: false
23:20:18.178 [Forwarding newSession on session null to remote] DEBUG io.netty.util.NetUtilInitializations - Loopback interface: lo (Software Loopback Interface 1, 127.0.0.1)
23:20:18.178 [Forwarding newSession on session null to remote] DEBUG io.netty.util.NetUtil - Failed to get SOMAXCONN from sysctl and file \proc\sys\net\core\somaxconn. Default: 200
23:20:18.185 [Forwarding newSession on session null to remote] DEBUG io.netty.channel.DefaultChannelId - -Dio.netty.machineId: 10:51:07:ff:fe:27:0d:0d (auto-detected)
23:20:18.217 [AsyncHttpClient-1-2] DEBUG io.netty.buffer.AbstractByteBuf - -Dio.netty.buffer.checkAccessible: true
23:20:18.217 [AsyncHttpClient-1-2] DEBUG io.netty.buffer.AbstractByteBuf - -Dio.netty.buffer.checkBounds: true
23:20:18.217 [AsyncHttpClient-1-2] DEBUG io.netty.util.ResourceLeakDetectorFactory - Loaded default ResourceLeakDetector: io.netty.util.ResourceLeakDetector@19d818dc
23:20:18.238 [AsyncHttpClient-1-2] DEBUG io.netty.util.Recycler - -Dio.netty.recycler.maxCapacityPerThread: 4096
23:20:18.238 [AsyncHttpClient-1-2] DEBUG io.netty.util.Recycler - -Dio.netty.recycler.ratio: 8
23:20:18.238 [AsyncHttpClient-1-2] DEBUG io.netty.util.Recycler - -Dio.netty.recycler.chunkSize: 32
23:20:18.238 [AsyncHttpClient-1-2] DEBUG io.netty.util.Recycler - -Dio.netty.recycler.blocking: false
23:20:18.238 [AsyncHttpClient-1-2] DEBUG io.netty.util.Recycler - -Dio.netty.recycler.batchFastThreadLocalOnly: true
23:20:18.849 [AsyncHttpClient-1-2] DEBUG io.netty.handler.codec.compression.Brotli - brotli4j not in the classpath; Brotli support will be unavailable.
23:20:18.931 [main] DEBUG io.netty.util.internal.ThreadLocalRandom - -Dio.netty.initialSeedUniquifier: 0xb5b3da69c44ab59f
23:20:24.535 [main] DEBUG testCases.TC_001_AccountRegistrationTest - application logs......
23:20:24.536 [main] INFO  testCases.TC_001_AccountRegistrationTest - ***  Starting TC_001_AccountRegistrationTest ***
23:20:30.572 [main] INFO  testCases.TC_001_AccountRegistrationTest - Clicked on My account link
23:20:33.880 [main] INFO  testCases.TC_001_AccountRegistrationTest - Clicked on continue
23:20:33.937 [main] INFO  testCases.TC_001_AccountRegistrationTest - Validating expected message
23:20:33.939 [main] INFO  testCases.TC_001_AccountRegistrationTest - ***  Finished TC_001_AccountRegistrationTest ***
23:30:04.157 [main] INFO  testCases.TC_001_AccountRegistrationTest - ***  Starting TC_001_AccountRegistrationTest ***
23:30:10.448 [main] INFO  testCases.TC_001_AccountRegistrationTest - Clicked on My account link
23:30:14.188 [main] INFO  testCases.TC_001_AccountRegistrationTest - Clicked on continue
23:30:14.232 [main] INFO  testCases.TC_001_AccountRegistrationTest - Validating expected message
23:30:14.234 [main] INFO  testCases.TC_001_AccountRegistrationTest - ***  Finished TC_001_AccountRegistrationTest ***
23:44:41.785 [main] INFO  testCases.TC_001_AccountRegistrationTest - ***  Starting TC_001_AccountRegistrationTest ***
23:44:47.714 [main] INFO  testCases.TC_001_AccountRegistrationTest - Clicked on My account link
23:44:51.543 [main] INFO  testCases.TC_001_AccountRegistrationTest - Clicked on continue
23:44:51.585 [main] INFO  testCases.TC_001_AccountRegistrationTest - Validating expected message
23:44:51.586 [main] INFO  testCases.TC_001_AccountRegistrationTest - ***  Finished TC_001_AccountRegistrationTest ***
00:04:43.117 [main] INFO  testCases.TC_001_AccountRegistrationTest - ***  Starting TC_001_AccountRegistrationTest ***
00:04:49.385 [main] INFO  testCases.TC_001_AccountRegistrationTest - Clicked on My account link
00:04:53.082 [main] INFO  testCases.TC_001_AccountRegistrationTest - Clicked on continue
00:04:53.120 [main] INFO  testCases.TC_001_AccountRegistrationTest - Validating expected message
00:04:53.121 [main] INFO  testCases.TC_001_AccountRegistrationTest - ***  Finished TC_001_AccountRegistrationTest ***
00:12:59.357 [TestNG-tests-2] INFO  testCases.TC_001_AccountRegistrationTest - ***  Starting TC_001_AccountRegistrationTest ***
00:12:59.724 [TestNG-tests-1] INFO  testCases.TC_001_AccountRegistrationTest - ***  Starting TC_001_AccountRegistrationTest ***
00:13:05.647 [TestNG-tests-2] INFO  testCases.TC_001_AccountRegistrationTest - Clicked on My account link
00:13:05.802 [TestNG-tests-1] INFO  testCases.TC_001_AccountRegistrationTest - Clicked on My account link
00:13:09.161 [TestNG-tests-1] INFO  testCases.TC_001_AccountRegistrationTest - Clicked on continue
00:13:09.200 [TestNG-tests-1] INFO  testCases.TC_001_AccountRegistrationTest - Validating expected message
00:13:09.201 [TestNG-tests-1] INFO  testCases.TC_001_AccountRegistrationTest - ***  Finished TC_001_AccountRegistrationTest ***
00:13:09.274 [TestNG-tests-2] INFO  testCases.TC_001_AccountRegistrationTest - Clicked on continue
00:13:09.356 [TestNG-tests-2] INFO  testCases.TC_001_AccountRegistrationTest - Validating expected message
00:13:09.357 [TestNG-tests-2] INFO  testCases.TC_001_AccountRegistrationTest - ***  Finished TC_001_AccountRegistrationTest ***
19:44:15.143 [main] INFO  testCases.TC_001_AccountRegistrationTest - ***  Starting TC_001_AccountRegistrationTest ***
19:44:21.125 [main] INFO  testCases.TC_001_AccountRegistrationTest - Clicked on My account link
19:44:24.341 [main] INFO  testCases.TC_001_AccountRegistrationTest - Clicked on continue
19:44:24.383 [main] INFO  testCases.TC_001_AccountRegistrationTest - Validating expected message
19:44:24.385 [main] INFO  testCases.TC_001_AccountRegistrationTest - ***  Finished TC_001_AccountRegistrationTest ***
20:00:03.209 [main] INFO  testCases.TC_001_AccountRegistrationTest - ***  Starting TC_001_AccountRegistrationTest ***
20:00:09.025 [main] INFO  testCases.TC_001_AccountRegistrationTest - Clicked on My account link
20:00:11.727 [main] INFO  testCases.TC_001_AccountRegistrationTest - Clicked on continue
20:00:11.793 [main] INFO  testCases.TC_001_AccountRegistrationTest - Validating expected message
20:00:11.795 [main] INFO  testCases.TC_001_AccountRegistrationTest - ***  Finished TC_001_AccountRegistrationTest ***
20:07:02.403 [main] INFO  testCases.TC_001_AccountRegistrationTest - ***  Starting TC_001_AccountRegistrationTest ***
20:07:08.418 [main] INFO  testCases.TC_001_AccountRegistrationTest - Clicked on My account link
20:07:11.405 [main] INFO  testCases.TC_001_AccountRegistrationTest - Clicked on continue
20:07:11.446 [main] INFO  testCases.TC_001_AccountRegistrationTest - Validating expected message
20:07:11.448 [main] INFO  testCases.TC_001_AccountRegistrationTest - ***  Finished TC_001_AccountRegistrationTest ***
20:09:58.892 [main] INFO  testCases.TC_001_AccountRegistrationTest - ***  Starting TC_001_AccountRegistrationTest ***
20:10:05.551 [main] INFO  testCases.TC_001_AccountRegistrationTest - Clicked on My account link
20:10:05.939 [main] INFO  testCases.TC_001_AccountRegistrationTest - Clicked on continue
20:10:05.959 [main] INFO  testCases.TC_001_AccountRegistrationTest - Validating expected message
20:19:17.207 [main] INFO  testCases.TC_001_AccountRegistrationTest - ***  Starting TC_001_AccountRegistrationTest ***
20:19:23.317 [main] INFO  testCases.TC_001_AccountRegistrationTest - Clicked on My account link
20:19:26.634 [main] INFO  testCases.TC_001_AccountRegistrationTest - Clicked on continue
20:19:26.668 [main] INFO  testCases.TC_001_AccountRegistrationTest - Validating expected message
20:19:26.671 [main] INFO  testCases.TC_001_AccountRegistrationTest - ***  Finished TC_001_AccountRegistrationTest ***
21:46:10.668 [main] INFO  testCases.TC_002_LoginTest - Starting TC_002_LoginTest
21:46:15.564 [main] INFO  testCases.TC_002_LoginTest - Validating expected message
13:25:38.842 [main] INFO  testCases.TC_002_LoginTest - Starting TC_002_LoginTest
13:25:41.999 [main] INFO  testCases.TC_002_LoginTest - Validating expected message
13:26:43.321 [TestNG-tests-1] INFO  testCases.TC_001_AccountRegistrationTest - ***  Starting TC_001_AccountRegistrationTest ***
13:26:49.336 [TestNG-tests-1] INFO  testCases.TC_001_AccountRegistrationTest - Clicked on My account link
13:26:53.221 [TestNG-tests-1] INFO  testCases.TC_001_AccountRegistrationTest - Clicked on continue
13:26:53.258 [TestNG-tests-1] INFO  testCases.TC_001_AccountRegistrationTest - Validating expected message
13:26:53.260 [TestNG-tests-1] INFO  testCases.TC_001_AccountRegistrationTest - ***  Finished TC_001_AccountRegistrationTest ***
13:26:59.749 [TestNG-tests-2] INFO  testCases.TC_001_AccountRegistrationTest - ***  Starting TC_001_AccountRegistrationTest ***
13:27:07.334 [TestNG-tests-2] INFO  testCases.TC_001_AccountRegistrationTest - Clicked on My account link
13:27:10.750 [TestNG-tests-2] INFO  testCases.TC_001_AccountRegistrationTest - Clicked on continue
13:27:10.784 [TestNG-tests-2] INFO  testCases.TC_001_AccountRegistrationTest - Validating expected message
13:27:10.784 [TestNG-tests-2] INFO  testCases.TC_001_AccountRegistrationTest - ***  Finished TC_001_AccountRegistrationTest ***
22:05:53.850 [main] INFO  testCases.TC_001_AccountRegistrationTest - ***  Starting TC_001_AccountRegistrationTest ***
22:05:59.822 [main] INFO  testCases.TC_001_AccountRegistrationTest - Clicked on My account link
22:06:03.357 [main] INFO  testCases.TC_001_AccountRegistrationTest - Clicked on continue
22:06:03.422 [main] INFO  testCases.TC_001_AccountRegistrationTest - Validating expected message
22:06:03.425 [main] INFO  testCases.TC_001_AccountRegistrationTest - ***  Finished TC_001_AccountRegistrationTest ***
22:14:04.725 [main] INFO  testCases.TC_001_AccountRegistrationTest - ***  Starting TC_001_AccountRegistrationTest ***
22:14:10.945 [main] INFO  testCases.TC_001_AccountRegistrationTest - Clicked on My account link
22:14:13.711 [main] INFO  testCases.TC_001_AccountRegistrationTest - Clicked on continue
22:14:13.772 [main] INFO  testCases.TC_001_AccountRegistrationTest - Validating expected message
22:14:13.773 [main] INFO  testCases.TC_001_AccountRegistrationTest - ***  Finished TC_001_AccountRegistrationTest ***
22:14:43.501 [main] INFO  testCases.TC_001_AccountRegistrationTest - ***  Starting TC_001_AccountRegistrationTest ***
22:14:49.862 [main] INFO  testCases.TC_001_AccountRegistrationTest - Clicked on My account link
22:14:52.745 [main] INFO  testCases.TC_001_AccountRegistrationTest - Clicked on continue
22:14:52.785 [main] INFO  testCases.TC_001_AccountRegistrationTest - Validating expected message
22:14:52.787 [main] INFO  testCases.TC_001_AccountRegistrationTest - ***  Finished TC_001_AccountRegistrationTest ***
14:36:31.074 [main] INFO  testCases.TC_001_AccountRegistrationTest - ***  Starting TC_001_AccountRegistrationTest ***
14:36:37.182 [main] INFO  testCases.TC_001_AccountRegistrationTest - Clicked on My account link
14:36:40.683 [main] INFO  testCases.TC_001_AccountRegistrationTest - Clicked on continue
14:36:40.729 [main] INFO  testCases.TC_001_AccountRegistrationTest - Validating expected message
14:36:40.731 [main] INFO  testCases.TC_001_AccountRegistrationTest - ***  Finished TC_001_AccountRegistrationTest ***
15:06:04.688 [main] INFO  testCases.TC_001_AccountRegistrationTest - ***  Starting TC_001_AccountRegistrationTest ***
15:06:10.886 [main] INFO  testCases.TC_001_AccountRegistrationTest - Clicked on My account link
15:06:13.902 [main] INFO  testCases.TC_001_AccountRegistrationTest - Clicked on continue
15:06:13.936 [main] INFO  testCases.TC_001_AccountRegistrationTest - Validating expected message
15:06:13.937 [main] INFO  testCases.TC_001_AccountRegistrationTest - ***  Finished TC_001_AccountRegistrationTest ***
